<?xml version="1.0" encoding="UTF-8"?>
<!-- Generated by org.testng.reporters.JUnitReportReporter -->
<testsuite skipped="0" hostname="DESKTOP-IOER2BC" name="testCases.LoginPageTest" tests="2" failures="0" timestamp="13 Dec 2020 14:45:47 GMT" time="27.051" errors="0">
  <testcase name="loginTest" time="14.289" classname="testCases.LoginPageTest"/>
  <testcase name="loginpageTitleTest" time="12.762" classname="testCases.LoginPageTest"/>
</testsuite> <!-- testCases.LoginPageTest -->
